; Report & Chart data for Primary Teachers Training
;

[header]
; you can write as many titles as title1, title2, ... 
title1 = "Secondary Level Teacher Training Information"


[prereq]
prereq1title = "School Type"
prereq1options = "All | Government Aided | Community Managed | Quota Teachers | Government Unaided | Government Supported (All) |  Institutional but Private Trust | Institutional but Public Trust | Institutional but Company | Institutional (All) | Madrassas | Gumbas | Ashrams| Relgious (All)"
prereq1clauses ="mast_school_type.class9>0 and mast_school_type.class9<11|mast_school_type.class9=1|mast_school_type.class9=2|mast_school_type.class9=3 | mast_school_type.class9=4 | (mast_school_type.class9=1 or mast_school_type.class9=2 or mast_school_type.class9=3 or mast_school_type.class9=4) | mast_school_type.class9=5 | mast_school_type.class9=6 | mast_school_type.class9=7 | (mast_school_type.class9=5 or mast_school_type.class9=6 or mast_school_type.class9=7) | mast_school_type.class9=8 | mast_school_type.class9=9 | mast_school_type.class9=10 | (mast_school_type.class9=8 or mast_school_type.class9=9 or mast_school_type.class9=10)"


prereq2title = "Year"
prereq2options = "2065|2064|2063|2062"
prereq2clauses = "mast_schoollist.sch_year=2065 and mast_school_type.sch_year=2065|mast_schoollist.sch_year=2064 and mast_school_type.sch_year=2064|mast_schoollist.sch_year=2063 and mast_school_type.sch_year=2063|mast_schoollist.sch_year=2062 and mast_school_type.sch_year=2062"


[tableheader]
row1 = "Code / Name [2,2] | App. Position | Total Teachers [3] | Fully Trained Teachers [3] | Partially Trained Teachers [3] | Total Teacher Fully Trained This Year [3] | Total Teacher Partially Trained This Year [3]"
row2 = "Total | T | F | M | T | F | M | T | F | M | T | F | M | T | F | M "

[row]
datacheck = "select distinct mast_schoollist.sch_num from mast_schoollist inner join mast_school_type using(sch_num, sch_year) inner join teachers using(sch_num, sch_year) where mast_schoollist.flash=2 and mast_school_type.flash=2 and teachers.teacher_level_id=3"

query1 = "select sum(app_total) from mast_schoollist left join mast_school_type using(sch_num, sch_year) left join teachers using(sch_num, sch_year) where mast_schoollist.flash=2 and mast_school_type.flash=2 and teacher_level_id=3"

query2 = "@select Sum(work_total) from mast_schoollist inner join mast_school_type using(sch_num, sch_year) inner join teachers using(sch_num, sch_year) where mast_schoollist.flash=2 and mast_school_type.flash=2 and teacher_level_id=3"

query3 = "@select Sum(work_female) from mast_schoollist inner join mast_school_type using(sch_num, sch_year) inner join teachers using(sch_num, sch_year) where mast_schoollist.flash=2 and mast_school_type.flash=2 and teacher_level_id=3"

query4 = "@#2-#3";

query5 = "@select Sum(rahat_total) from mast_schoollist inner join mast_school_type using(sch_num, sch_year) inner join teachers using(sch_num, sch_year) where mast_schoollist.flash=2 and mast_school_type.flash=2 and teacher_level_id=3"

query6 = "@select Sum(rahat_female) from mast_schoollist inner join mast_school_type using(sch_num, sch_year) inner join teachers using(sch_num, sch_year) where mast_schoollist.flash=2 and mast_school_type.flash=2 and teacher_level_id=3"

query7 = "@#5-#6";

query8 = "@select Sum(private_total) from mast_schoollist inner join mast_school_type using(sch_num, sch_year) inner join teachers using(sch_num, sch_year) where mast_schoollist.flash=2 and mast_school_type.flash=2 and teacher_level_id=3"

query9 = "@select Sum(private_female) from mast_schoollist inner join mast_school_type using(sch_num, sch_year) inner join teachers using(sch_num, sch_year) where mast_schoollist.flash=2 and mast_school_type.flash=2 and teacher_level_id=3"

query10 = "@#8-#9";

query11 = "#2+#5+#8";
query12 = "#3+#6+#9";
query13 = "#4+#7+#10";

query14 = "select Sum(tot_teacher_full_train) from mast_schoollist left join mast_school_type using(sch_num, sch_year) left join teachers using(sch_num, sch_year) where mast_schoollist.flash=2 and mast_school_type.flash=2 and teacher_level_id=3"

query15 = "select sum(fem_teacher_full_train) from mast_schoollist left join mast_school_type using(sch_num, sch_year) left join teachers using(sch_num, sch_year) where mast_schoollist.flash=2 and mast_school_type.flash=2 and teacher_level_id=3"

query16 = "#14-#15";

query17 = "select Sum(tot_teacher_par_train) from mast_schoollist left join mast_school_type using(sch_num, sch_year) left join teachers using(sch_num, sch_year) where mast_schoollist.flash=2 and mast_school_type.flash=2 and teacher_level_id=3"

query18 = "select sum(fem_teacher_par_train) from mast_schoollist left join mast_school_type using(sch_num, sch_year) left join teachers using(sch_num, sch_year) where mast_schoollist.flash=2 and mast_school_type.flash=2 and teacher_level_id=3"

query19 = "#17-#18";

query20 = "select Sum(tot_teacher_cur_full_train) from mast_schoollist left join mast_school_type using(sch_num, sch_year) left join teachers using(sch_num, sch_year) where mast_schoollist.flash=2 and mast_school_type.flash=2 and teacher_level_id=3"

query21 = "select sum(fem_teacher_cur_full_train) from mast_schoollist left join mast_school_type using(sch_num, sch_year) left join teachers using(sch_num, sch_year) where mast_schoollist.flash=2 and mast_school_type.flash=2 and teacher_level_id=3"

query22 = "#20-#21";

query23 = "select Sum(tot_teacher_cur_par_train) from mast_schoollist left join mast_school_type using(sch_num, sch_year) left join teachers using(sch_num, sch_year) where mast_schoollist.flash=2 and mast_school_type.flash=2 and teacher_level_id=3"

query24 = "select sum(fem_teacher_cur_par_train) from mast_schoollist left join mast_school_type using(sch_num, sch_year) left join teachers using(sch_num, sch_year) where mast_schoollist.flash=2 and mast_school_type.flash=2 and teacher_level_id=3"

query25 = "#23-#24";




