; Report & Chart data for School for type
;

[header]
; you can write as many titles as title1, title2, ... 
title1 = "Average Scores at Basic Level of Grade 6-8"

[prereq]
prereq1title = "Grade"
prereq1options = "Grade 6 | Grade 7 | Grade 8 | Grade 6-8"
prereq1clauses = "lsec_scores.class=6 | lsec_scores.class=7 | lsec_scores.class=8 | lsec_scores.class>0 "

prereq2title = "School Type"
prereq2options = "All | Government Aided | Community Managed | Quota Teachers | Government Unaided | Government Supported (All) |  Institutional but Private Trust | Institutional but Public Trust | Institutional but Company | Institutional (All) | Madrassas | Gumbas | Ashrams| Relgious (All)"
prereq2clauses ="mast_school_type.class1<11|mast_school_type.class6=1|mast_school_type.class6=2|mast_school_type.class6=3 | mast_school_type.class6=4 | (mast_school_type.class6=1 or mast_school_type.class6=2 or mast_school_type.class6=3 or mast_school_type.class6=4) | mast_school_type.class6=5 | mast_school_type.class6=6 | mast_school_type.class6=7 | (mast_school_type.class6=5 or mast_school_type.class6=6 or mast_school_type.class6=7) | mast_school_type.class6=8 | mast_school_type.class6=9 | mast_school_type.class6=10 | (mast_school_type.class6=8 or mast_school_type.class6=9 or mast_school_type.class6=10)"

prereq3title = "ECD/PPC Status"
prereq3options = "All schools | Schools with ECD/PPC | Schools without ECD/PPC"
prereq3clauses = "(mast_school_type.ecd is null or mast_school_type.ecd is not null and (mast_school_type.class1>0 or mast_school_type.class6>0 or mast_school_type.class9>0 or mast_school_type.class11>0))| (mast_school_type.ecd>0 and (mast_school_type.class1>0 or mast_school_type.class6>0 or mast_school_type.class9>0 or mast_school_type.class9>0))| (mast_school_type.ecd is null or mast_school_type.ecd=0 and (mast_school_type.class1>0 or mast_school_type.class6>0 or mast_school_type.class9>0 or mast_school_type.class11>0))"

prereq4title = "Year"
prereq4options = "2065|2064|2063|2062"
prereq4clauses = "mast_schoollist.sch_year=2065 and mast_school_type.sch_year=2065|mast_schoollist.sch_year=2064 and mast_school_type.sch_year=2064|mast_schoollist.sch_year=2063 and mast_school_type.sch_year=2063|mast_schoollist.sch_year=2062 and mast_school_type.sch_year=2062"

[tableheader]
row1 = "Code / Name [2,2] | Ward [2,1] | Location [2,1] | A/C No. [2,1] | Nepali [3] | English [3] | Math [3] | S. Studies [3] | Science [3] | Pop. & Env. [3] | Health & Phy. [3] | Art & Prevoc. [3] | Moral/Civics [3] | Total [3]"
row2 = "Girls | Boys | Total | Girls | Boys | Total | Girls | Boys | Total | Girls | Boys | Total | Girls | Boys | Total | Girls | Boys | Total | Girls | Boys | Total | Girls | Boys | Total | Girls | Boys | Total | Girls | Boys | Total"

[row]
datacheck = "select distinct mast_schoollist.sch_num from mast_schoollist left join mast_school_type using(sch_num, sch_year) left join lsec_scores using(sch_num, sch_year) where mast_schoollist.flash2=1 and (mast_school_type.class6>0)"

query1 = "select mast_schoollist.wardno from mast_schoollist left join mast_school_type using (sch_num, sch_year) left join lsec_scores using (sch_num, sch_year) where mast_schoollist.flash2=1"

query2 = "select mast_schoollist.location from mast_schoollist left join mast_school_type using (sch_num, sch_year) left join lsec_scores using (sch_num, sch_year) where mast_schoollist.flash2=1"

query3 = "select mast_schoollist.account_no from mast_schoollist left join mast_school_type using (sch_num, sch_year) left join lsec_scores using (sch_num, sch_year) where mast_schoollist.flash2=1"

query4 = "select avg(total) from mast_schoollist left join mast_school_type using(sch_num, sch_year) left join lsec_scores using(sch_num, sch_year) where mast_schoollist.flash2=1 and lsec_scores.sex='F' and lsec_scores.subject_id=1"

query5 = "select avg(total) from mast_schoollist left join mast_school_type using(sch_num, sch_year) left join lsec_scores using(sch_num, sch_year) where mast_schoollist.flash2=1 and lsec_scores.sex='M' and lsec_scores.subject_id=1"

query6 = "select avg(total) from mast_schoollist left join mast_school_type using(sch_num, sch_year) left join lsec_scores using(sch_num, sch_year) where mast_schoollist.flash2=1 and lsec_scores.subject_id=1"

query7 = "select avg(total) from mast_schoollist left join mast_school_type using(sch_num, sch_year) left join lsec_scores using(sch_num, sch_year) where mast_schoollist.flash2=1 and lsec_scores.sex='F' and lsec_scores.subject_id=2"

query8 = "select avg(total) from mast_schoollist left join mast_school_type using(sch_num, sch_year) left join lsec_scores using(sch_num, sch_year) where mast_schoollist.flash2=1 and lsec_scores.sex='M' and lsec_scores.subject_id=2"

query9 = "select avg(total) from mast_schoollist left join mast_school_type using(sch_num, sch_year) left join lsec_scores using(sch_num, sch_year) where mast_schoollist.flash2=1 and lsec_scores.subject_id=2"

query10 = "select avg(total) from mast_schoollist left join mast_school_type using(sch_num, sch_year) left join lsec_scores using(sch_num, sch_year) where mast_schoollist.flash2=1 and lsec_scores.sex='F' and lsec_scores.subject_id=3"

query11 = "select avg(total) from mast_schoollist left join mast_school_type using(sch_num, sch_year) left join lsec_scores using(sch_num, sch_year) where mast_schoollist.flash2=1 and lsec_scores.sex='M' and lsec_scores.subject_id=3"

query12 = "select avg(total) from mast_schoollist left join mast_school_type using(sch_num, sch_year) left join lsec_scores using(sch_num, sch_year) where mast_schoollist.flash2=1 and lsec_scores.subject_id=3"

query13 = "select avg(total) from mast_schoollist left join mast_school_type using(sch_num, sch_year) left join lsec_scores using(sch_num, sch_year) where mast_schoollist.flash2=1 and lsec_scores.sex='F' and lsec_scores.subject_id=4"

query14 = "select avg(total) from mast_schoollist left join mast_school_type using(sch_num, sch_year) left join lsec_scores using(sch_num, sch_year) where mast_schoollist.flash2=1 and lsec_scores.sex='M' and lsec_scores.subject_id=4"

query15 = "select avg(total) from mast_schoollist left join mast_school_type using(sch_num, sch_year) left join lsec_scores using(sch_num, sch_year) where mast_schoollist.flash2=1 and lsec_scores.subject_id=4"

query16 = "select avg(total) from mast_schoollist left join mast_school_type using(sch_num, sch_year) left join lsec_scores using(sch_num, sch_year) where mast_schoollist.flash2=1 and lsec_scores.sex='F' and lsec_scores.subject_id=5"

query17 = "select avg(total) from mast_schoollist left join mast_school_type using(sch_num, sch_year) left join lsec_scores using(sch_num, sch_year) where mast_schoollist.flash2=1 and lsec_scores.sex='M' and lsec_scores.subject_id=5"

query18 = "select avg(total) from mast_schoollist left join mast_school_type using(sch_num, sch_year) left join lsec_scores using(sch_num, sch_year) where mast_schoollist.flash2=1 and lsec_scores.subject_id=5"

query19 = "select avg(total) from mast_schoollist left join mast_school_type using(sch_num, sch_year) left join lsec_scores using(sch_num, sch_year) where mast_schoollist.flash2=1 and lsec_scores.sex='F' and lsec_scores.subject_id=6"

query20 = "select avg(total) from mast_schoollist left join mast_school_type using(sch_num, sch_year) left join lsec_scores using(sch_num, sch_year) where mast_schoollist.flash2=1 and lsec_scores.sex='M' and lsec_scores.subject_id=6"

query21 = "select avg(total) from mast_schoollist left join mast_school_type using(sch_num, sch_year) left join lsec_scores using(sch_num, sch_year) where mast_schoollist.flash2=1 and lsec_scores.subject_id=6"

query22 = "select avg(total) from mast_schoollist left join mast_school_type using(sch_num, sch_year) left join lsec_scores using(sch_num, sch_year) where mast_schoollist.flash2=1 and lsec_scores.sex='F' and lsec_scores.subject_id=7"

query23 = "select avg(total) from mast_schoollist left join mast_school_type using(sch_num, sch_year) left join lsec_scores using(sch_num, sch_year) where mast_schoollist.flash2=1 and lsec_scores.sex='M' and lsec_scores.subject_id=7"

query24 = "select avg(total) from mast_schoollist left join mast_school_type using(sch_num, sch_year) left join lsec_scores using(sch_num, sch_year) where mast_schoollist.flash2=1 and lsec_scores.subject_id=7"

query25 = "select avg(total) from mast_schoollist left join mast_school_type using(sch_num, sch_year) left join lsec_scores using(sch_num, sch_year) where mast_schoollist.flash2=1 and lsec_scores.sex='F' and lsec_scores.subject_id=8"

query26 = "select avg(total) from mast_schoollist left join mast_school_type using(sch_num, sch_year) left join lsec_scores using(sch_num, sch_year) where mast_schoollist.flash2=1 and lsec_scores.sex='M' and lsec_scores.subject_id=8"

query27 = "select avg(total) from mast_schoollist left join mast_school_type using(sch_num, sch_year) left join lsec_scores using(sch_num, sch_year) where mast_schoollist.flash2=1 and lsec_scores.subject_id=8"

query28 = "select avg(total) from mast_schoollist left join mast_school_type using(sch_num, sch_year) left join lsec_scores using(sch_num, sch_year) where mast_schoollist.flash2=1 and lsec_scores.sex='F' and lsec_scores.subject_id=9"

query29 = "select avg(total) from mast_schoollist left join mast_school_type using(sch_num, sch_year) left join lsec_scores using(sch_num, sch_year) where mast_schoollist.flash2=1 and lsec_scores.sex='M' and lsec_scores.subject_id=9"

query30 = "select avg(total) from mast_schoollist left join mast_school_type using(sch_num, sch_year) left join lsec_scores using(sch_num, sch_year) where mast_schoollist.flash2=1 and lsec_scores.subject_id=9"

query31 = "select avg(total) from mast_schoollist left join mast_school_type using(sch_num, sch_year) left join lsec_scores using(sch_num, sch_year) where mast_schoollist.flash2=1 and lsec_scores.sex='F'"

query32 = "select avg(total) from mast_schoollist left join mast_school_type using(sch_num, sch_year) left join lsec_scores using(sch_num, sch_year) where mast_schoollist.flash2=1 and lsec_scores.sex='M'"

query33 = "select avg(total) from mast_schoollist left join mast_school_type using(sch_num, sch_year) left join lsec_scores using(sch_num, sch_year) where mast_schoollist.flash2=1"
