; Report & Chart data for Primary Teachers
;

[header]
; you can write as many titles as title1, title2, ... 
title1 = "Primary Level Teacher Information"


[prereq]
prereq1title = "School Type"
prereq1options = "All | Government Aided | Community Managed | Quota Teachers | Government Unaided | Government Supported (All) |  Institutional but Private Trust | Institutional but Public Trust | Institutional but Company | Institutional (All) | Madrassas | Gumbas | Ashrams| Relgious (All)"
prereq1clauses ="mast_school_type.class1>0 and mast_school_type.class1<11|mast_school_type.class1=1|mast_school_type.class1=2|mast_school_type.class1=3 | mast_school_type.class1=4 | (mast_school_type.class1=1 or mast_school_type.class1=2 or mast_school_type.class1=3 or mast_school_type.class1=4) | mast_school_type.class1=5 | mast_school_type.class1=6 | mast_school_type.class1=7 | (mast_school_type.class1=5 or mast_school_type.class1=6 or mast_school_type.class1=7) | mast_school_type.class1=8 | mast_school_type.class1=9 | mast_school_type.class1=10 | (mast_school_type.class1=8 or mast_school_type.class1=9 or mast_school_type.class1=10)"


prereq2title = "Year"
prereq2options = "2065|2064|2063|2062"
prereq2clauses = "mast_schoollist.sch_year=2065 and mast_school_type.sch_year=2065|mast_schoollist.sch_year=2064 and mast_school_type.sch_year=2064|mast_schoollist.sch_year=2063 and mast_school_type.sch_year=2063|mast_schoollist.sch_year=2062 and mast_school_type.sch_year=2062"


[tableheader]
row1 = "Code / Name [2,2] | App. Position | Working under App. Position [3]| Rahat [3] | Private [3] | Total Teachers (col. 2 to 4) [3] | Teachers by Social Group [4]"
row2 = "Total | T | F | M | T | F | M | T | F | M | T | F | M | Dalit | Janjati | Disabled | Madhesis"

[row]
datacheck = "select distinct mast_schoollist.sch_num from mast_schoollist inner join mast_school_type using(sch_num, sch_year) inner join teachers using(sch_num, sch_year) where mast_schoollist.flash=2 and mast_school_type.flash=2 and teacher_level_id=1"

query1 = "select sum(app_total) from mast_schoollist inner join mast_school_type using(sch_num, sch_year) inner join teachers using(sch_num, sch_year) where mast_schoollist.flash=2 and mast_school_type.flash=2 and teacher_level_id=1"

query2 = "select Sum(work_total) from mast_schoollist inner join mast_school_type using(sch_num, sch_year) inner join teachers using(sch_num, sch_year) where mast_schoollist.flash=2 and mast_school_type.flash=2 and teacher_level_id=1"

query3 = "select Sum(work_female) from mast_schoollist inner join mast_school_type using(sch_num, sch_year) inner join teachers using(sch_num, sch_year) where mast_schoollist.flash=2 and mast_school_type.flash=2 and teacher_level_id=1"

query4 = "#2-#3";

query5 = "select Sum(rahat_total) from mast_schoollist inner join mast_school_type using(sch_num, sch_year) inner join teachers using(sch_num, sch_year) where mast_schoollist.flash=2 and mast_school_type.flash=2 and teacher_level_id=1"

query6 = "select Sum(rahat_female) from mast_schoollist inner join mast_school_type using(sch_num, sch_year) inner join teachers using(sch_num, sch_year) where mast_schoollist.flash=2 and mast_school_type.flash=2 and teacher_level_id=1"

query7 = "#5-#6";

query8 = "select Sum(private_total) from mast_schoollist inner join mast_school_type using(sch_num, sch_year) inner join teachers using(sch_num, sch_year) where mast_schoollist.flash=2 and mast_school_type.flash=2 and teacher_level_id=1"

query9 = "select Sum(private_female) from mast_schoollist inner join mast_school_type using(sch_num, sch_year) inner join teachers using(sch_num, sch_year) where mast_schoollist.flash=2 and mast_school_type.flash=2 and teacher_level_id=1"

query10 = "#8-#9";

query11 = "#2+#5+#8";
query12 = "#3+#6+#9";
query13 = "#4+#7+#10";

query14 = "select Sum(dalit_teachers) from mast_schoollist inner join mast_school_type using(sch_num, sch_year) inner join teachers using(sch_num, sch_year) where mast_schoollist.flash=2 and mast_school_type.flash=2 and teacher_level_id=1"

query15 = "select Sum(janjati_teachers) from mast_schoollist inner join mast_school_type using(sch_num, sch_year) inner join teachers using(sch_num, sch_year) where mast_schoollist.flash=2 and mast_school_type.flash=2 and teacher_level_id=1"

query16 = "select Sum(disable_teachers) from mast_schoollist inner join mast_school_type using(sch_num, sch_year) inner join teachers using(sch_num, sch_year) where mast_schoollist.flash=2 and mast_school_type.flash=2 and teacher_level_id=1"

query17 = "select Sum(madhesi_teachers) from mast_schoollist inner join mast_school_type using(sch_num, sch_year) inner join teachers using(sch_num, sch_year) where mast_schoollist.flash=2 and mast_school_type.flash=2 and teacher_level_id=1"