; Report & Chart data for School for type
;

[property]

[header]
; you can write as many titles as title1, title2, ... 
title1 = "SLC Results"

[prereq]
prereq1title = "School Type"
prereq1options = "All | Government Aided | Community Managed | Quota Teacher | Government Unaided | Government Supported (Excluding Religious) | Government Supported (Including Religious) | Institutional but Private Trust | Institutional but Public Trust | Institutional but Company | Institutional (All) | Madrassas | Gumbas | Ashrams | Religious (All)"
prereq1clauses = "mast_school_type.class10>0|mast_school_type.class10=1| mast_school_type.class10=2| mast_school_type.class10=3| mast_school_type.class10=4| mast_school_type.class10=1 or mast_school_type.class10=2 or mast_school_type.class10=3 or mast_school_type.class10=4| 
mast_school_type.class10=1 or mast_school_type.class10=2 or mast_school_type.class10=3 or mast_school_type.class10=4 or mast_school_type.class10=8 or mast_school_type.class10=9 or 
mast_school_type.class10=10 | mast_school_type.class10=5| mast_school_type.class10=6| mast_school_type.class10=7| mast_school_type.class10=5 or mast_school_type.class10=6 or mast_school_type.class10=7| mast_school_type.class10=8| mast_school_type.class10=9| mast_school_type.class10=10| mast_school_type.class10=8 or mast_school_type.class10=9 or mast_school_type.class10=10"


prereq2title = "ECD/PPC Status"
prereq2options = "All schools | Schools with ECD/PPC | Schools without ECD/PPC"
prereq2clauses = "(mast_school_type.ecd is null or mast_school_type.ecd is not null and (mast_school_type.class1>0 or mast_school_type.class6>0))| (mast_school_type.ecd>0 and (mast_school_type.class1>0 or mast_school_type.class6>0))| (mast_school_type.ecd is null or mast_school_type.ecd=0 and (mast_school_type.class1>0 or mast_school_type.class6>0))"

prereq3title = "Year"
prereq3options = "2065|2064|2063|2062"
prereq3clauses = "mast_schoollist.sch_year=2065 and mast_school_type.sch_year=2065|mast_schoollist.sch_year=2064 and mast_school_type.sch_year=2064|mast_schoollist.sch_year=2063 and mast_school_type.sch_year=2063|mast_schoollist.sch_year=2062 and mast_school_type.sch_year=2062"



[tableheader]
row1 = "Code / Name [3,2] | Ward [3,1] | Location [3,1] | A/C No [3,1] | 1 Year Ago [12] | 2 Years ago [12]"
row2 = "Enrollment [1,3]| Test Pass [1,3]| SLC Entrance [1,3]| SLC Pass [1,3]| Enrollment [1,3]| Test Pass [1,3]| SLC Entrance [1,3]| SLC Pass [1,3]"
row3 = "Female | Male | Total | Female | Male | Total | Female | Male | Total | Female | Male | Total | Female | Male | Total | Female | Male | Total | Female | Male | Total | Female | Male | Total"


[row]
datacheck = "select distinct mast_schoollist.sch_num from mast_schoollist left join mast_school_type using(sch_num, sch_year) left join school_exam using(sch_num, sch_year) where mast_schoollist.flash2=1 and mast_schoollist.flash1=1"

query1 = "select mast_schoollist.wardno from mast_schoollist left join mast_school_type using (sch_num, sch_year) left join school_exam using(sch_num, sch_year) where mast_schoollist.flash2=1 and mast_schoollist.flash1=1"

query2 = "select mast_schoollist.location from mast_schoollist left join mast_school_type using (sch_num, sch_year) left join school_exam using(sch_num, sch_year) where mast_schoollist.flash2=1 and mast_schoollist.flash1=1"

query3 = "select mast_schoollist.account_no from mast_schoollist left join mast_school_type using (sch_num, sch_year) left join school_exam using(sch_num, sch_year) where mast_schoollist.flash2=1 and mast_schoollist.flash1=1"

query4 = "select sum(school_exam.slc_prev_enrollment_f) from mast_schoollist left join mast_school_type using (sch_num, sch_year) left join school_exam using(sch_num, sch_year) where mast_schoollist.flash2=1 and mast_schoollist.flash1=1"

query5 = "select sum(school_exam.slc_prev_enrollment_m) from mast_schoollist left join mast_school_type using (sch_num, sch_year) left join school_exam using(sch_num, sch_year) where mast_schoollist.flash2=1 and mast_schoollist.flash1=1"

query6 = "select sum(school_exam.slc_prev_enrollment_t) from mast_schoollist left join mast_school_type using (sch_num, sch_year) left join school_exam using(sch_num, sch_year) where mast_schoollist.flash2=1 and mast_schoollist.flash1=1"

query7 = "select sum(school_exam.slc_prev_test_pass_f) from mast_schoollist left join mast_school_type using (sch_num, sch_year) left join school_exam using(sch_num, sch_year) where mast_schoollist.flash2=1 and mast_schoollist.flash1=1"

query8 = "select sum(school_exam.slc_prev_test_pass_m) from mast_schoollist left join mast_school_type using (sch_num, sch_year) left join school_exam using(sch_num, sch_year) where mast_schoollist.flash2=1 and mast_schoollist.flash1=1"

query9 = "select sum(school_exam.slc_prev_test_pass_t) from mast_schoollist left join mast_school_type using (sch_num, sch_year) left join school_exam using(sch_num, sch_year) where mast_schoollist.flash2=1 and mast_schoollist.flash1=1"

query10 = "select sum(school_exam.slc_prev_slc_f) from mast_schoollist left join mast_school_type using (sch_num, sch_year) left join school_exam using(sch_num, sch_year) where mast_schoollist.flash2=1 and mast_schoollist.flash1=1"

query11 = "select sum(school_exam.slc_prev_slc_m) from mast_schoollist left join mast_school_type using (sch_num, sch_year) left join school_exam using(sch_num, sch_year) where mast_schoollist.flash2=1 and mast_schoollist.flash1=1"

query12 = "select sum(school_exam.slc_prev_slc_t) from mast_schoollist left join mast_school_type using (sch_num, sch_year) left join school_exam using(sch_num, sch_year) where mast_schoollist.flash2=1 and mast_schoollist.flash1=1"

query13 = "select sum(school_exam.slc_prev_slc_pass_f) from mast_schoollist left join mast_school_type using (sch_num, sch_year) left join school_exam using(sch_num, sch_year) where mast_schoollist.flash2=1 and mast_schoollist.flash1=1"

query14 = "select sum(school_exam.slc_prev_slc_pass_m) from mast_schoollist left join mast_school_type using (sch_num, sch_year) left join school_exam using(sch_num, sch_year) where mast_schoollist.flash2=1 and mast_schoollist.flash1=1"

query15 = "select sum(school_exam.slc_prev_slc_pass_t) from mast_schoollist left join mast_school_type using (sch_num, sch_year) left join school_exam using(sch_num, sch_year) where mast_schoollist.flash2=1 and mast_schoollist.flash1=1"

query16 = "select sum(school_exam.slc_prev_enrollment_f) from mast_schoollist left join mast_school_type using (sch_num, sch_year) left join school_exam using(sch_num, sch_year) where mast_schoollist.flash2=1 and mast_schoollist.flash1=1"

query17 = "select sum(school_exam.slc_prev_enrollment_m) from mast_schoollist left join mast_school_type using (sch_num, sch_year) left join school_exam using(sch_num, sch_year) where mast_schoollist.flash2=1 and mast_schoollist.flash1=1"

query18 = "select sum(school_exam.slc_prev_enrollment_t) from mast_schoollist left join mast_school_type using (sch_num, sch_year) left join school_exam using(sch_num, sch_year) where mast_schoollist.flash2=1 and mast_schoollist.flash1=1"

query19 = "select sum(school_exam.slc_pprev_test_pass_f) from mast_schoollist left join mast_school_type using (sch_num, sch_year) left join school_exam using(sch_num, sch_year) where mast_schoollist.flash2=1 and mast_schoollist.flash1=1"

query20 = "select sum(school_exam.slc_pprev_test_pass_m) from mast_schoollist left join mast_school_type using (sch_num, sch_year) left join school_exam using(sch_num, sch_year) where mast_schoollist.flash2=1 and mast_schoollist.flash1=1"

query21 = "select sum(school_exam.slc_pprev_test_pass_t) from mast_schoollist left join mast_school_type using (sch_num, sch_year) left join school_exam using(sch_num, sch_year) where mast_schoollist.flash2=1 and mast_schoollist.flash1=1"

query22 = "select sum(school_exam.slc_pprev_slc_f) from mast_schoollist left join mast_school_type using (sch_num, sch_year) left join school_exam using(sch_num, sch_year) where mast_schoollist.flash2=1 and mast_schoollist.flash1=1"

query23 = "select sum(school_exam.slc_pprev_slc_m) from mast_schoollist left join mast_school_type using (sch_num, sch_year) left join school_exam using(sch_num, sch_year) where mast_schoollist.flash2=1 and mast_schoollist.flash1=1"

query24 = "select sum(school_exam.slc_pprev_slc_t) from mast_schoollist left join mast_school_type using (sch_num, sch_year) left join school_exam using(sch_num, sch_year) where mast_schoollist.flash2=1 and mast_schoollist.flash1=1"

query25 = "select sum(school_exam.slc_pprev_slc_pass_f) from mast_schoollist left join mast_school_type using (sch_num, sch_year) left join school_exam using(sch_num, sch_year) where mast_schoollist.flash2=1 and mast_schoollist.flash1=1"

query26 = "select sum(school_exam.slc_pprev_slc_pass_m) from mast_schoollist left join mast_school_type using (sch_num, sch_year) left join school_exam using(sch_num, sch_year) where mast_schoollist.flash2=1 and mast_schoollist.flash1=1"

query27 = "select sum(school_exam.slc_pprev_slc_pass_t) from mast_schoollist left join mast_school_type using (sch_num, sch_year) left join school_exam using(sch_num, sch_year) where mast_schoollist.flash2=1 and mast_schoollist.flash1=1"
