[header]
title1 = "Secondary Level (Grade 11-12) Janajati Enrollment by age"

[prereq]
prereq1title = "School Type"
prereq1options = "All | Government Aided | Community Managed | Quota Teachers | Government Unaided | Government Supported (Excluding Religious) |  Government Supported (Including Religious) | Institutional but Private Trust | Institutional but Public Trust | Institutional but Company | Institutional (All) | Madrassas | Gumbas | Ashrams| Religious (All)"
prereq1clauses ="mast_school_type.class11<11|mast_school_type.class11=1|mast_school_type.class11=2|mast_school_type.class11=3 | mast_school_type.class11=4 | (mast_school_type.class11=1 or mast_school_type.class11=2 or mast_school_type.class11=3 or mast_school_type.class11=4) | (mast_school_type.class11=1 or mast_school_type.class11=2 or mast_school_type.class11=3 or mast_school_type.class11=4 or mast_school_type.class11=8 or mast_school_type.class11=9 or mast_school_type.class11=10) | mast_school_type.class11=5 | mast_school_type.class11=6 | mast_school_type.class11=7 | (mast_school_type.class11=5 or mast_school_type.class11=6 or mast_school_type.class11=7) | mast_school_type.class11=8 | mast_school_type.class11=9 | mast_school_type.class11=10 | (mast_school_type.class11=8 or mast_school_type.class11=9 or mast_school_type.class11=10)"

prereq2title = "ECD/PPC Status"
prereq2options = "All schools | Schools with ECD/PPC | Schools without ECD/PPC"
prereq2clauses = "(mast_school_type.ecd is null or mast_school_type.ecd is not null and (mast_school_type.class1>0 or mast_school_type.class6>0 or mast_school_type.class9>0 or mast_school_type.class11>0))| (mast_school_type.ecd>0 and (mast_school_type.class1>0 or mast_school_type.class6>0 or mast_school_type.class9>0 or mast_school_type.class9>0))| (mast_school_type.ecd is null or mast_school_type.ecd=0 and (mast_school_type.class1>0 or mast_school_type.class6>0 or mast_school_type.class9>0 or mast_school_type.class11>0))"

prereq3title = "Select Class"
prereq3options = "Class 11-12 | Class 11 | Class 12"
prereq3clauses = "hsec_janjati_enroll_age_f1.class>0|hsec_janjati_enroll_age_f1.class=11|hsec_janjati_enroll_age_f1.class=12"

prereq4title = "Year"
prereq4options = "2065|2064|2063|2062"
prereq4clauses = "mast_schoollist.sch_year=2065 and mast_school_type.sch_year=2065|mast_schoollist.sch_year=2064 and mast_school_type.sch_year=2064|mast_schoollist.sch_year=2063 and mast_school_type.sch_year=2063|mast_schoollist.sch_year=2062 and mast_school_type.sch_year=2062"

[tableheader]
row1 = "Code / Name [2,2] | Ward [2,1]| Location [2,1]| A/C No [2,1] | <15 [3]  | <16 [3]  | 15 [3]  | 16 [3]  | 15-16 [3]  | >16 [3]"
row2 = "G|B|T|G|B|T|G|B|T|G|B|T|G|B|T|G|B|T"

[row]
datacheck = "select distinct mast_schoollist.sch_num from mast_schoollist left join mast_school_type using (sch_num, sch_year) left join hsec_janjati_enroll_age_f1 using (sch_num, sch_year) where mast_schoollist.flash1=1 and mast_school_type.class11>0"

query1 = "select mast_schoollist.wardno from mast_schoollist left join mast_school_type using (sch_num, sch_year) left join hsec_janjati_enroll_age_f1 using (sch_num, sch_year) where mast_schoollist.flash1=1"

query2 = "select mast_schoollist.location from mast_schoollist left join mast_school_type using (sch_num, sch_year) left join hsec_janjati_enroll_age_f1 using (sch_num, sch_year) where mast_schoollist.flash1=1"

query3 = "select mast_schoollist.account_no from mast_schoollist left join mast_school_type using (sch_num, sch_year) left join hsec_janjati_enroll_age_f1 using (sch_num, sch_year) where mast_schoollist.flash1=1"

query4 = "select sum(f_l15), sum(m_l15), sum(t_l15), sum(f_l16), sum(m_l16), sum(t_l16), sum(f_15), sum(m_15), sum(t_15), sum(f_16), sum(m_16), sum(t_16), sum(f_15_16), sum(m_15_16), sum(t_15_16), sum(f_g16), sum(m_g16), sum(t_g16) from mast_schoollist left join mast_school_type using (sch_num, sch_year) left join hsec_janjati_enroll_age_f1 using (sch_num, sch_year) where mast_schoollist.flash1=1"

