; Report & Chart data for ECD/PPC
;

[header]
; you can write as many titles as title1, title2, ... 
title1 = "ECD/PPC Enrollment"

[prereq]
prereq1title = "ECD Type"
prereq1options = "All | Government Aided | Community Managed | Quota Teachers | Government Unaided | Government Supported (Excluding Religious) | Government Supported (Including Religious) | Institutional but Private Trust | Institutional but Public Trust | Institutional but Company | Institutional (All) | Madrassas | Gumbas | Ashrams | Religious (All) | Community"
prereq1clauses ="mast_school_type.ecd>0|mast_school_type.ecd=1|mast_school_type.ecd=2|mast_school_type.ecd=3 | mast_school_type.ecd=4 | (mast_school_type.ecd=1 or mast_school_type.ecd=2 or mast_school_type.ecd=3 or mast_school_type.ecd=4 or mast_school_type.ecd=12) | (mast_school_type.ecd=1 or mast_school_type.ecd=2 or mast_school_type.ecd=3 or mast_school_type.ecd=4 or mast_school_type.ecd=8 or mast_school_type.ecd=9 or mast_school_type.ecd=10 or mast_school_type.ecd=12) | mast_school_type.ecd=5 | mast_school_type.ecd=6 | (mast_school_type.ecd=4 or mast_school_type.ecd=5 or mast_school_type.ecd=6)| mast_school_type.ecd=7 | mast_school_type.ecd=8 | mast_school_type.ecd=9 | mast_school_type.ecd=10 | (mast_school_type.ecd=8 or mast_school_type.ecd=9 or mast_school_type.ecd=10) | mast_school_type.ecd=12"


prereq2title = "Year"
prereq2options = "2065|2064|2063|2062"
prereq2clauses = "mast_schoollist.sch_year=2065 and mast_school_type.sch_year=2065|mast_schoollist.sch_year=2064 and mast_school_type.sch_year=2064|mast_schoollist.sch_year=2063 and mast_school_type.sch_year=2063|mast_schoollist.sch_year=2062 and mast_school_type.sch_year=2062"

[tableheader]
row1 = "Code / Name [2,2] | Ward [2,1] | Location [2,1] | A/C No [2,1] | School Based ECDs [2,1]| Community Based ECDs [2,1]| ECD/PPC Only [2,1]| Total ECD/PPCs [2,1]| Total [3] | Dalit [3] | Janjati [3] | Others [3]"
row2 = "G | B | T | G | B | T | G | B | T | G | B | T"

[row]
datacheck = "select distinct(mast_schoollist.sch_num) from mast_schoollist left join mast_school_type using (sch_num, sch_year) left join ecdppc_enroll using (sch_num, sch_year) where mast_schoollist.flash2=1 and mast_schoollist.flash1=1"

query1 = "select (mast_schoollist.wardno) from mast_schoollist left join mast_school_type using (sch_num, sch_year) left join ecdppc_enroll using (sch_num, sch_year) left join sopfsp_enroll using (sch_num, sch_year) where mast_schoollist.flash2=1 and mast_schoollist.flash1=1"

query2 = "select (mast_schoollist.location) from mast_schoollist left join mast_school_type using (sch_num, sch_year) left join ecdppc_enroll using (sch_num, sch_year) left join sopfsp_enroll using (sch_num, sch_year) where mast_schoollist.flash2=1 and mast_schoollist.flash1=1"

query3 = "select (mast_schoollist.account_no) from mast_schoollist left join mast_school_type using (sch_num, sch_year) left join ecdppc_enroll using (sch_num, sch_year) left join sopfsp_enroll using (sch_num, sch_year) where mast_schoollist.flash2=1 and mast_schoollist.flash1=1"

query4 = "select count(mast_schoollist.sch_num) from mast_schoollist left join mast_school_type using (sch_num, sch_year) where mast_schoollist.flash2=1 and mast_schoollist.flash1=1 and (ecd>0 and ecd<11)"

query5 = "select count(ecd_num) from mast_schoollist left join mast_school_type using (sch_num, sch_year) left join ecdppc_enroll using(sch_num, sch_year) where mast_schoollist.flash2=1 and mast_schoollist.flash1=1 and (ecdppc_enroll.ecd_num>1 or ecd=12)"


query6 = "select count(mast_schoollist.sch_num) from mast_schoollist left join mast_school_type using (sch_num, sch_year) where mast_schoollist.flash2=1 and mast_schoollist.flash1=1 and (ecd<12 and (!class1 and !class6 and !class9 and !class11))"

query7 = "#4+#5+#6"

query8 = "select sum(tot_enroll_total_f) from mast_schoollist left join mast_school_type using (sch_num, sch_year) left join ecdppc_enroll using (sch_num, sch_year) where mast_schoollist.flash2=1 and mast_schoollist.flash1=1 and (ecdppc_enroll.ecd_class_type=1 or ecdppc_enroll.ecd_class_type>2)"

query9 = "select sum(tot_enroll_total_m) from mast_schoollist left join mast_school_type using (sch_num, sch_year) left join ecdppc_enroll using (sch_num, sch_year) where mast_schoollist.flash2=1 and mast_schoollist.flash1=1 and (ecdppc_enroll.ecd_class_type=1 or ecdppc_enroll.ecd_class_type>2)"

query10 = "select sum(tot_enroll_total_t) from mast_schoollist left join mast_school_type using (sch_num, sch_year) left join ecdppc_enroll using (sch_num, sch_year) where mast_schoollist.flash2=1 and mast_schoollist.flash1=1 and (ecdppc_enroll.ecd_class_type=1 or ecdppc_enroll.ecd_class_type>2)"

query11 = "select sum(tot_enroll_dalit_f) from mast_schoollist left join mast_school_type using (sch_num, sch_year) left join ecdppc_enroll using (sch_num, sch_year) where mast_schoollist.flash2=1 and mast_schoollist.flash1=1 and (ecdppc_enroll.ecd_class_type=1 or ecdppc_enroll.ecd_class_type>2)"

query12 = "select sum(tot_enroll_dalit_m) from mast_schoollist left join mast_school_type using (sch_num, sch_year) left join ecdppc_enroll using (sch_num, sch_year) where mast_schoollist.flash2=1 and mast_schoollist.flash1=1 and (ecdppc_enroll.ecd_class_type=1 or ecdppc_enroll.ecd_class_type>2)"

query13 = "select sum(tot_enroll_dalit_t) from mast_schoollist left join mast_school_type using (sch_num, sch_year) left join ecdppc_enroll using (sch_num, sch_year) where mast_schoollist.flash2=1 and mast_schoollist.flash1=1 and (ecdppc_enroll.ecd_class_type=1 or ecdppc_enroll.ecd_class_type>2)"

query14 = "select sum(tot_enroll_janjati_f) from mast_schoollist left join mast_school_type using (sch_num, sch_year) left join ecdppc_enroll using (sch_num, sch_year) where mast_schoollist.flash2=1 and mast_schoollist.flash1=1 and (ecdppc_enroll.ecd_class_type=1 or ecdppc_enroll.ecd_class_type>2)"

query15 = "select sum(tot_enroll_janjati_m) from mast_schoollist left join mast_school_type using (sch_num, sch_year) left join ecdppc_enroll using (sch_num, sch_year) where mast_schoollist.flash2=1 and mast_schoollist.flash1=1 and (ecdppc_enroll.ecd_class_type=1 or ecdppc_enroll.ecd_class_type>2)"

query16 = "select sum(tot_enroll_janjati_t) from mast_schoollist left join mast_school_type using (sch_num, sch_year) left join ecdppc_enroll using (sch_num, sch_year) where mast_schoollist.flash2=1 and mast_schoollist.flash1=1 and (ecdppc_enroll.ecd_class_type=1 or ecdppc_enroll.ecd_class_type>2)"

query17 = "#8-(#11+#14)";
query18 = "#9-(#12+#15)";
query19 = "#10-(#13+#16)";
