; Report & Chart data for ECD/PPC
;

[header]
; you can write as many titles as title1, title2, ... 
title1 = "ECD/PPC Facilitator Details"


[prereq]
prereq1title = "ECD Type"
prereq1options = "All | Government Aided | Community Managed | Quota Teachers | Government Unaided | Government Supported (Excluding Religious) | Government Supported (Including Religious) | Institutional but Private Trust | Institutional but Public Trust | Institutional but Company | Institutional (All) | Madrassas | Gumbas | Ashrams | Religious (All) | Community"
prereq1clauses ="mast_school_type.ecd>0|mast_school_type.ecd=1|mast_school_type.ecd=2|mast_school_type.ecd=3 | mast_school_type.ecd=4 | (mast_school_type.ecd=1 or mast_school_type.ecd=2 or mast_school_type.ecd=3 or mast_school_type.ecd=4 or mast_school_type.ecd=12) | (mast_school_type.ecd=1 or mast_school_type.ecd=2 or mast_school_type.ecd=3 or mast_school_type.ecd=4 or mast_school_type.ecd=8 or mast_school_type.ecd=9 or mast_school_type.ecd=10 or mast_school_type.ecd=12) | mast_school_type.ecd=5 | mast_school_type.ecd=6 | (mast_school_type.ecd=4 or mast_school_type.ecd=5 or mast_school_type.ecd=6)| mast_school_type.ecd=7 | mast_school_type.ecd=8 | mast_school_type.ecd=9 | mast_school_type.ecd=10 | (mast_school_type.ecd=8 or mast_school_type.ecd=9 or mast_school_type.ecd=10) | mast_school_type.ecd=12"


prereq2title = "Year"
prereq2options = "2065|2064|2063|2062"
prereq2clauses = "mast_schoollist.sch_year=2065 and mast_school_type.sch_year=2065|mast_schoollist.sch_year=2064 and mast_school_type.sch_year=2064|mast_schoollist.sch_year=2063 and mast_school_type.sch_year=2063|mast_schoollist.sch_year=2062 and mast_school_type.sch_year=2062"

[tableheader]
row1 = "Code / Name [2,2]| Ward [2,1]| Location [2,1]| A/C No [2,1]| Name [2,1] | Sex [4] | Caste [5] | Educational Status [5]| Training [4] "
row2 = "Female | Male | N/A | Total | Dalit | Janajati | Others | N/A | Total | < SLC | SLC | > SLC | N/A | Total | Training Received | Training Not Received | N/A | Total" 

[row]
datacheck = "select distinct mast_schoollist.sch_num from mast_schoollist left join mast_school_type using (sch_num, sch_year) left join ecd_facilitator using (sch_num, sch_year) where mast_schoollist.flash2=1 and mast_schoollist.flash1=1"

query1 = "select (mast_schoollist.wardno) from mast_schoollist left join mast_school_type using (sch_num, sch_year) left join ecd_facilitator using (sch_num, sch_year) where mast_schoollist.flash2=1 and mast_schoollist.flash1=1"

query2 = "select (mast_schoollist.location) from mast_schoollist left join mast_school_type using (sch_num, sch_year) left join ecd_facilitator using (sch_num, sch_year) where mast_schoollist.flash2=1 and mast_schoollist.flash1=1"

query3 = "select (mast_schoollist.account_no) from mast_schoollist left join mast_school_type using (sch_num, sch_year) left join ecd_facilitator using (sch_num, sch_year) where mast_schoollist.flash2=1 and mast_schoollist.flash1=1"

query4 = "select (name)from mast_schoollist left join mast_school_type using (sch_num, sch_year) left join ecd_facilitator using (sch_num, sch_year) where mast_schoollist.flash2=1 and mast_schoollist.flash1=1"

query5 = "select count(sex) from mast_schoollist left join mast_school_type using (sch_num, sch_year) left join ecd_facilitator using (sch_num, sch_year) where mast_schoollist.flash2=1 and mast_schoollist.flash1=1 and sex=1"

query6 = "select count(sex) from mast_schoollist left join mast_school_type using (sch_num, sch_year) left join ecd_facilitator using (sch_num, sch_year) where mast_schoollist.flash2=1 and mast_schoollist.flash1=1 and sex=2"

query7 = "select count(sex) from mast_schoollist left join mast_school_type using (sch_num, sch_year) left join ecd_facilitator using (sch_num, sch_year) where mast_schoollist.flash2=1 and mast_schoollist.flash1=1 and (sex=0 or sex is null)"

query8 = "select count(sex) from mast_schoollist left join mast_school_type using (sch_num, sch_year) left join ecd_facilitator using (sch_num, sch_year) where mast_schoollist.flash2=1 and mast_schoollist.flash1=1"

query9 = "select count(caste) from mast_schoollist left join mast_school_type using (sch_num, sch_year) left join ecd_facilitator using (sch_num, sch_year) where mast_schoollist.flash2=1 and mast_schoollist.flash1=1 and caste=1"

query10 = "select count(caste) from mast_schoollist left join mast_school_type using (sch_num, sch_year) left join ecd_facilitator using (sch_num, sch_year) where mast_schoollist.flash2=1 and mast_schoollist.flash1=1 and caste=2"

query11 = "select count(caste) from mast_schoollist left join mast_school_type using (sch_num, sch_year) left join ecd_facilitator using (sch_num, sch_year) where mast_schoollist.flash2=1 and mast_schoollist.flash1=1 and caste=3"

query12 = "select count(caste) from mast_schoollist left join mast_school_type using (sch_num, sch_year) left join ecd_facilitator using (sch_num, sch_year) where mast_schoollist.flash2=1 and mast_schoollist.flash1=1 and (caste=0 or caste is null)"

query13 = "select count(caste) from mast_schoollist left join mast_school_type using (sch_num, sch_year) left join ecd_facilitator using (sch_num, sch_year) where mast_schoollist.flash2=1 and mast_schoollist.flash1=1"

query14 = "select sum(less_slc_f+less_slc_m) from mast_schoollist left join mast_school_type using (sch_num, sch_year) left join ecd_facilitator using (sch_num, sch_year) where mast_schoollist.flash2=1 and mast_schoollist.flash1=1 and (less_slc_f=1 or less_slc_m=1)"

query15 = "select sum(slc_f+slc_m) from mast_schoollist left join mast_school_type using (sch_num, sch_year) left join ecd_facilitator using (sch_num, sch_year) where mast_schoollist.flash2=1 and mast_schoollist.flash1=1 and (slc_f=1 or slc_m=1)"

query16 = "select sum(greater_slc_f+greater_slc_m) from mast_schoollist left join mast_school_type using (sch_num, sch_year) left join ecd_facilitator using (sch_num, sch_year) where mast_schoollist.flash2=1 and mast_schoollist.flash1=1 and (greater_slc_f=1 or greater_slc_m=1)"

query17 = "#8-(#14+#15+#16)"
query18 = "#14+#15+#16+#17"

query19 = "select sum(trained_f+trained_m) from mast_schoollist left join mast_school_type using (sch_num, sch_year) left join ecd_facilitator using (sch_num, sch_year) where mast_schoollist.flash2=1 and mast_schoollist.flash1=1 and (trained_f=1 or trained_m=1)"

query20 = "select sum(untrained_f+untrained_m) from mast_schoollist left join mast_school_type using (sch_num, sch_year) left join ecd_facilitator using (sch_num, sch_year) where mast_schoollist.flash2=1 and mast_schoollist.flash1=1 and (untrained_f=1 or untrained_m=1)"

query21 = "#8-(#19+#20)"
query22 = "#19+#20+#21"
