; Report & Chart data for School for type
;

[header]
; you can write as many titles as title1, title2, ... 
title1 = "Lower Secondary and Secondary Level Scholarship"

[prereq]
prereq1title = "Scholarship Type"
prereq1options = "All | Secondary Level | Girls from Karnali | Disable Students | Feeder/women | Remote Students | Marginalized students | Janjati Students| Others"
prereq1clauses = "scholarship_type_id>0 | scholarship_type_id=1 |  scholarship_type_id=2 | scholarship_type_id=3 | scholarship_type_id=4 |scholarship_type_id=5| scholarship_type_id=6 | scholarship_type_id=7 | scholarship_type_id=8 |"

prereq2title = "School Type"
prereq2options = "All | Government Aided | Community Managed | Quota Teachers | Government Unaided | Government Supported (All) | Institutional but Private Trust | Institutional but Public Trust | Institutional but Company | Institutional (All) | Madrassas | Gumbas | Ashrams| Religious (All)"
prereq2clauses ="(mast_school_type.class6<11 or mast_school_type.class9<11) | mast_school_type.class6=1 or mast_school_type.class9=1 | mast_school_type.class6=2 or mast_school_type.class9=2 | mast_school_type.class6=3 or mast_school_type.class9=3 | mast_school_type.class6=4 or mast_school_type.class9=4| 

(mast_school_type.class6=1 or mast_school_type.class6=2 or mast_school_type.class6=3 or mast_school_type.class6=4 or mast_school_type.class9=1 or mast_school_type.class9=2 or mast_school_type.class9=3 or mast_school_type.class9=4) | 

mast_school_type.class6=5 or mast_school_type.class9=5 | mast_school_type.class6=6 or mast_school_type.class9=6 | mast_school_type.class6=7 or mast_school_type.class9=7 | (mast_school_type.class6=5 or mast_school_type.class6=6 or mast_school_type.class6=7 or mast_school_type.class9=5 or mast_school_type.class9=6 or mast_school_type.class9=7) | 

mast_school_type.class6=8 or mast_school_type.class9=8 | mast_school_type.class6=9 or mast_school_type.class9=9 | mast_school_type.class6=10 or mast_school_type.class9=10 | (mast_school_type.class6=8 or mast_school_type.class6=9 or mast_school_type.class6=10 or mast_school_type.class9=8 or mast_school_type.class9=9 or mast_school_type.class9=10)" 

prereq3title = "ECD/PPC Status"
prereq3options = "All schools | Schools with ECD/PPC | Schools without ECD/PPC"
prereq3clauses = "(mast_school_type.ecd is null or mast_school_type.ecd is not null and (mast_school_type.class1>0 or mast_school_type.class6>0 or mast_school_type.class9>0 or mast_school_type.class11>0))| (mast_school_type.ecd>0 and (mast_school_type.class1>0 or mast_school_type.class6>0 or mast_school_type.class9>0 or mast_school_type.class9>0))| (mast_school_type.ecd is null or mast_school_type.ecd=0 and (mast_school_type.class1>0 or mast_school_type.class6>0 or mast_school_type.class9>0 or mast_school_type.class11>0))"

prereq4title = "Year"
prereq4options = "2065|2064|2063|2062"
prereq4clauses = "mast_schoollist.sch_year=2065 and mast_school_type.sch_year=2065|mast_schoollist.sch_year=2064 and mast_school_type.sch_year=2064|mast_schoollist.sch_year=2063 and mast_school_type.sch_year=2063|mast_schoollist.sch_year=2062 and mast_school_type.sch_year=2062"

[tableheader]
row1 = "Code / Name [2,2] | Grade 6 [3] | Grade 7 [3] | Grade 8 [3] | Total (6-8) [3] | Grade 9 [3] | Grade 10 [3] | Total (9-10) [3] | Grand Total [3]"
row2 = "Girls | Boys | Total | Girls | Boys | Total | Girls | Boys | Total | Girls | Boys | Total | Girls | Boys | Total | Girls | Boys | Total | Girls | Boys | Total | Girls | Boys | Total"

[row]
datacheck = "select distinct mast_schoollist.sch_num from mast_schoollist left join mast_school_type using(sch_num, sch_year) left join lss_scholarship using(sch_num, sch_year) where mast_schoollist.flash2=1 and mast_schoollist.flash1=1"

query1 = "select sum(female), sum(male), sum(total) from mast_schoollist left join mast_school_type using(sch_num, sch_year) left join lss_scholarship using(sch_num, sch_year) where mast_schoollist.flash2=1 and mast_schoollist.flash1=1 and lss_scholarship.class=6"

query2 = "select sum(female), sum(male), sum(total) from mast_schoollist left join mast_school_type using(sch_num, sch_year) left join lss_scholarship using(sch_num, sch_year) where mast_schoollist.flash2=1 and mast_schoollist.flash1=1 and lss_scholarship.class=7"

query3 = "select sum(female), sum(male), sum(total) from mast_schoollist left join mast_school_type using(sch_num, sch_year) left join lss_scholarship using(sch_num, sch_year) where mast_schoollist.flash2=1 and mast_schoollist.flash1=1 and lss_scholarship.class=8"

query4 = "select sum(female), sum(male), sum(total) from mast_schoollist left join mast_school_type using(sch_num, sch_year) left join lss_scholarship using(sch_num, sch_year) where mast_schoollist.flash2=1 and mast_schoollist.flash1=1 and (lss_scholarship.class=6 or lss_scholarship.class=7 or lss_scholarship.class=8)"

query5 = "select sum(female), sum(male), sum(total) from mast_schoollist left join mast_school_type using(sch_num, sch_year) left join lss_scholarship using(sch_num, sch_year) where mast_schoollist.flash2=1 and mast_schoollist.flash1=1 and lss_scholarship.class=9"

query6 = "select sum(female), sum(male), sum(total) from mast_schoollist left join mast_school_type using(sch_num, sch_year) left join lss_scholarship using(sch_num, sch_year) where mast_schoollist.flash2=1 and mast_schoollist.flash1=1 and lss_scholarship.class=10"

query7 = "select sum(female), sum(male), sum(total) from mast_schoollist left join mast_school_type using(sch_num, sch_year) left join lss_scholarship using(sch_num, sch_year) where mast_schoollist.flash2=1 and mast_schoollist.flash1=1 and (lss_scholarship.class=9 or lss_scholarship.class=10)"

query8 = "select sum(female), sum(male), sum(total) from mast_schoollist left join mast_school_type using(sch_num, sch_year) left join lss_scholarship using(sch_num, sch_year) where mast_schoollist.flash2=1 and mast_schoollist.flash1=1"
