; Report & Chart data for School for type
;

[header]
; you can write as many titles as title1, title2, ... 
title1 = "Primary Scholarship"

[prereq]
prereq1title = "Scholarship Type"
prereq1options = "All | 50% Primary Scholarship for Girls | Karnali Zone Girls Scholarship | Dalit Students Scholarship | Janjati Students Scholarship | Disabled Students Scholarship | Others "
prereq1clauses = "scholarship_type_id>0 | scholarship_type_id=1|scholarship_type_id=2|scholarship_type_id=3|scholarship_type_id=4|scholarship_type_id=5|scholarship_type_id=6"

prereq2title = "School Type"
prereq2options = "All | Government Aided | Community Managed | Quota Teachers | Government Unaided | Government Supported (All) |  Institutional but Private Trust | Institutional but Public Trust | Institutional but Company | Institutional (All) | Madrassas | Gumbas | Ashrams| Relgious (All)"
prereq2clauses ="mast_school_type.class1<11|mast_school_type.class1=1|mast_school_type.class1=2|mast_school_type.class1=3 | mast_school_type.class1=4 | (mast_school_type.class1=1 or mast_school_type.class1=2 or mast_school_type.class1=3 or mast_school_type.class1=4) | mast_school_type.class1=5 | mast_school_type.class1=6 | mast_school_type.class1=7 | (mast_school_type.class1=5 or mast_school_type.class1=6 or mast_school_type.class1=7) | mast_school_type.class1=8 | mast_school_type.class1=9 | mast_school_type.class1=10 | (mast_school_type.class1=8 or mast_school_type.class1=9 or mast_school_type.class1=10)"

prereq3title = "ECD/PPC Status"
prereq3options = "All schools | Schools with ECD/PPC | Schools without ECD/PPC"
prereq3clauses = "(mast_school_type.ecd is null or mast_school_type.ecd is not null and (mast_school_type.class1>0 or mast_school_type.class6>0 or mast_school_type.class9>0 or mast_school_type.class11>0))| (mast_school_type.ecd>0 and (mast_school_type.class1>0 or mast_school_type.class6>0 or mast_school_type.class9>0 or mast_school_type.class9>0))| (mast_school_type.ecd is null or mast_school_type.ecd=0 and (mast_school_type.class1>0 or mast_school_type.class6>0 or mast_school_type.class9>0 or mast_school_type.class11>0))"

prereq4title = "Year"
prereq4options = "2065|2064|2063|2062"
prereq4clauses = "mast_schoollist.sch_year=2065 and mast_school_type.sch_year=2065|mast_schoollist.sch_year=2064 and mast_school_type.sch_year=2064|mast_schoollist.sch_year=2063 and mast_school_type.sch_year=2063|mast_schoollist.sch_year=2062 and mast_school_type.sch_year=2062"

[tableheader]
row1 = "Code / Name [2,2] | Grade 1 [3] | Grade 2 [3] | Grade 3 [3] | Grade 4 [3] | Grade 5 [3] | Total [3]"
row2 = "Girls | Boys | Total | Girls | Boys | Total | Girls | Boys | Total | Girls | Boys | Total | Girls | Boys | Total | Girls | Boys | Total "

[row]
datacheck = "select distinct mast_schoollist.sch_num from mast_schoollist left join mast_school_type using(sch_num, sch_year) left join pr_scholarship using(sch_num, sch_year) where mast_schoollist.flash2=1 and mast_schoollist.flash1=1 and mast_school_type.flash=2"

query1 = "select sum(female) from mast_schoollist left join mast_school_type using(sch_num, sch_year) left join pr_scholarship using(sch_num, sch_year) where mast_schoollist.flash2=1 and mast_schoollist.flash1=1 and pr_scholarship.class=1"

query2 = "select sum(male) from mast_schoollist left join mast_school_type using(sch_num, sch_year) left join pr_scholarship using(sch_num, sch_year) where mast_schoollist.flash2=1 and mast_schoollist.flash1=1 and pr_scholarship.class=1"

query3 = "select sum(total) from mast_schoollist left join mast_school_type using(sch_num, sch_year) left join pr_scholarship using(sch_num, sch_year) where mast_schoollist.flash2=1 and mast_schoollist.flash1=1 and pr_scholarship.class=1"

query4 = "select sum(female) from mast_schoollist left join mast_school_type using(sch_num, sch_year) left join pr_scholarship using(sch_num, sch_year) where mast_schoollist.flash2=1 and mast_schoollist.flash1=1 and pr_scholarship.class=2"

query5 = "select sum(male) from mast_schoollist left join mast_school_type using(sch_num, sch_year) left join pr_scholarship using(sch_num, sch_year) where mast_schoollist.flash2=1 and mast_schoollist.flash1=1 and pr_scholarship.class=2"

query6 = "select sum(total) from mast_schoollist left join mast_school_type using(sch_num, sch_year) left join pr_scholarship using(sch_num, sch_year) where mast_schoollist.flash2=1 and mast_schoollist.flash1=1 and pr_scholarship.class=2"

query7 = "select sum(female) from mast_schoollist left join mast_school_type using(sch_num, sch_year) left join pr_scholarship using(sch_num, sch_year) where mast_schoollist.flash2=1 and mast_schoollist.flash1=1 and pr_scholarship.class=3"

query8 = "select sum(male) from mast_schoollist left join mast_school_type using(sch_num, sch_year) left join pr_scholarship using(sch_num, sch_year) where mast_schoollist.flash2=1 and mast_schoollist.flash1=1 and pr_scholarship.class=3"

query9 = "select sum(total) from mast_schoollist left join mast_school_type using(sch_num, sch_year) left join pr_scholarship using(sch_num, sch_year) where mast_schoollist.flash2=1 and mast_schoollist.flash1=1 and pr_scholarship.class=3"

query10 = "select sum(female) from mast_schoollist left join mast_school_type using(sch_num, sch_year) left join pr_scholarship using(sch_num, sch_year) where mast_schoollist.flash2=1 and mast_schoollist.flash1=1 and pr_scholarship.class=4"

query11 = "select sum(male) from mast_schoollist left join mast_school_type using(sch_num, sch_year) left join pr_scholarship using(sch_num, sch_year) where mast_schoollist.flash2=1 and mast_schoollist.flash1=1 and pr_scholarship.class=4"

query12 = "select sum(total) from mast_schoollist left join mast_school_type using(sch_num, sch_year) left join pr_scholarship using(sch_num, sch_year) where mast_schoollist.flash2=1 and mast_schoollist.flash1=1 and pr_scholarship.class=4"

query13 = "select sum(female) from mast_schoollist left join mast_school_type using(sch_num, sch_year) left join pr_scholarship using(sch_num, sch_year) where mast_schoollist.flash2=1 and mast_schoollist.flash1=1 and pr_scholarship.class=5"

query14 = "select sum(male) from mast_schoollist left join mast_school_type using(sch_num, sch_year) left join pr_scholarship using(sch_num, sch_year) where mast_schoollist.flash2=1 and mast_schoollist.flash1=1 and pr_scholarship.class=5"

query15 = "select sum(total) from mast_schoollist left join mast_school_type using(sch_num, sch_year) left join pr_scholarship using(sch_num, sch_year) where mast_schoollist.flash2=1 and mast_schoollist.flash1=1 and pr_scholarship.class=5"

query16 = "select sum(female) from mast_schoollist left join mast_school_type using(sch_num, sch_year) left join pr_scholarship using(sch_num, sch_year) where mast_schoollist.flash2=1 and mast_schoollist.flash1=1 and mast_school_type.flash=2"

query17 = "select sum(male) from mast_schoollist left join mast_school_type using(sch_num, sch_year) left join pr_scholarship using(sch_num, sch_year) where mast_schoollist.flash2=1 and mast_schoollist.flash1=1 and mast_school_type.flash=2"

query18 = "select sum(total) from mast_schoollist left join mast_school_type using(sch_num, sch_year) left join pr_scholarship using(sch_num, sch_year) where mast_schoollist.flash2=1 and mast_schoollist.flash1=1 and mast_school_type.flash=2"