;
;

[property]
schoolwise = 0

[header]
; you can write as many titles as title1, title2, ... 
title1 = "Class 11 Total Agewise Enrollment"

[prereq]
prereq1title = "School Type"
prereq1options = "All | Government Aided | Community Managed | Quota Teachers | Government Unaided | Government Supported | Institutional (All) | Institutional but Private Trust | Institutional but Public Trust | Institutional but Company | Madrassas | Gumbas | Ashrams| SOP"
prereq1clauses ="mast_school_type.class11<11|mast_school_type.class11=1|mast_school_type.class11=2|mast_school_type.class11=3 | mast_school_type.class11=4 | (mast_school_type.class11=1 or mast_school_type.class11=2 or mast_school_type.class11=3 or mast_school_type.class11=4) | (mast_school_type.class11=5 or mast_school_type.class11=7 or mast_school_type.class11=7) | mast_school_type.class11=5 | mast_school_type.class11=7 | mast_school_type.class11=7 | mast_school_type.class11=8 | mast_school_type.class11=9 | mast_school_type.class11=10 | mast_school_type.class11=11"

prereq2title = "Year"
prereq2options = "2066|2065|2064|2063"
prereq2clauses = "mast_schoollist.sch_year=2066 and mast_school_type.sch_year=2066|mast_schoollist.sch_year=2065 and mast_school_type.sch_year=2065|mast_schoollist.sch_year=2064 and mast_school_type.sch_year=2064|mast_schoollist.sch_year=2063 and mast_school_type.sch_year=2063"

[tableheader]
row1 = "Code / Name [3,2] |Grade 11[12] | Total[2,3]"
row2 = "< 15 [3]| 15 [3] | 15-16[3] |> 16[3]"
row3 = "G|B|T|G|B|T|G|B|T|G|B|T|G|B|T"

[row]
datacheck = "select distinct mast_schoollist.sch_num from mast_schoollist left join mast_school_type using (sch_num, sch_year) left join hsec_total_enroll_age_f1 using (sch_num, sch_year) where mast_schoollist.flash=1 and mast_school_type.flash=1 and mast_school_type.class11>0"

query1 = "select sum(hsec_total_enroll_age_f1.f_l15), sum(hsec_total_enroll_age_f1.m_l15), sum(hsec_total_enroll_age_f1.t_l15), sum(hsec_total_enroll_age_f1.f_15), sum(hsec_total_enroll_age_f1.m_15), sum(hsec_total_enroll_age_f1.t_15), sum(hsec_total_enroll_age_f1.f_15_16), sum(hsec_total_enroll_age_f1.m_15_16), sum(hsec_total_enroll_age_f1.t_15_16),  sum(hsec_total_enroll_age_f1.f_g16), sum(hsec_total_enroll_age_f1.m_g16), sum(hsec_total_enroll_age_f1.t_g16)  from mast_schoollist left join mast_school_type using(sch_num, sch_year) left join hsec_total_enroll_age_f1 using(sch_num, sch_year)  where mast_schoollist.flash=1 and mast_school_type.flash=1 and hsec_total_enroll_age_f1.class=11"

query2="#1+#4+#7+#10";
query3="#2+#5+#8+#11";
query4="#3+#6+#9+#12";

